Arguments: 
  /Users/forthedamn/.nvm/versions/node/v8.9.0/bin/node /usr/local/Cellar/yarn/1.3.2/libexec/bin/yarn.js add @mtfe/mcashier-components

PATH: 
  /Users/forthedamn/.nvm/versions/node/v8.9.0/bin:/usr/local/bin:/usr/bin:/bin:/usr/sbin:/sbin:/Applications/Wireshark.app/Contents/MacOS

Yarn version: 
  1.3.2

Node version: 
  8.9.0

Platform: 
  darwin x64

npm manifest: 
  {
    "name": "http-rpc-client",
    "version": "1.2.7",
    "description": "基于 http 的 RPC Client",
    "main": "index.js",
    "scripts": {},
    "keywords": [],
    "author": "zhongguoxin <zhongguoxin@meituan.com>",
    "license": "ISC",
    "dependencies": {
      "axios": "^0.17.1",
      "tslib": "^1.8.1"
    }
  }

yarn manifest: 
  No manifest

Lockfile: 
  # THIS IS AN AUTOGENERATED FILE. DO NOT EDIT THIS FILE DIRECTLY.
  # yarn lockfile v1
  
  
  axios@^0.17.1:
    version "0.17.1"
    resolved "https://registry.npmjs.org/axios/-/axios-0.17.1.tgz#2d8e3e5d0bdbd7327f91bc814f5c57660f81824d"
    dependencies:
      follow-redirects "^1.2.5"
      is-buffer "^1.1.5"
  
  debug@^3.1.0:
    version "3.1.0"
    resolved "https://registry.npmjs.org/debug/-/debug-3.1.0.tgz#5bb5a0672628b64149566ba16819e61518c67261"
    dependencies:
      ms "2.0.0"
  
  follow-redirects@^1.2.5:
    version "1.3.0"
    resolved "https://registry.npmjs.org/follow-redirects/-/follow-redirects-1.3.0.tgz#f684871fc116d2e329fda55ef67687f4fabc905c"
    dependencies:
      debug "^3.1.0"
  
  is-buffer@^1.1.5:
    version "1.1.6"
    resolved "https://registry.npmjs.org/is-buffer/-/is-buffer-1.1.6.tgz#efaa2ea9daa0d7ab2ea13a97b2b8ad51fefbe8be"
  
  ms@2.0.0:
    version "2.0.0"
    resolved "https://registry.npmjs.org/ms/-/ms-2.0.0.tgz#5608aeadfc00be6c2901df5f9861788de0d597c8"
  
  tslib@^1.8.1:
    version "1.8.1"
    resolved "https://registry.npmjs.org/tslib/-/tslib-1.8.1.tgz#6946af2d1d651a7b1863b531d6e5afa41aa44eac"

Trace: 
  Error: https://registry.npmjs.org/@mtfe%2fmcashier-components: Not found
      at Request.params.callback [as _callback] (/usr/local/Cellar/yarn/1.3.2/libexec/lib/cli.js:62098:18)
      at Request.self.callback (/usr/local/Cellar/yarn/1.3.2/libexec/lib/cli.js:123085:22)
      at emitTwo (events.js:126:13)
      at Request.emit (events.js:214:7)
      at Request.<anonymous> (/usr/local/Cellar/yarn/1.3.2/libexec/lib/cli.js:124068:10)
      at emitOne (events.js:116:13)
      at Request.emit (events.js:211:7)
      at IncomingMessage.<anonymous> (/usr/local/Cellar/yarn/1.3.2/libexec/lib/cli.js:123988:12)
      at Object.onceWrapper (events.js:313:30)
      at emitNone (events.js:111:20)
